<?xml version="1.0" encoding="UTF-8"?>
<!-- Generated by org.testng.reporters.JUnitReportReporter -->
<testsuite skipped="0" hostname="ISILDT10148" name="Testing.TestnG1" tests="4" failures="0" timestamp="05 Feb 2018 13:45:47 GMT" time="0.004" errors="0">
  <testcase name="display3" time="0.001" classname="Testing.TestnG1"/>
  <testcase name="display4" time="0.001" classname="Testing.TestnG1"/>
  <testcase name="display2" time="0.001" classname="Testing.TestnG1"/>
  <testcase name="display5" time="0.001" classname="Testing.TestnG1"/>
</testsuite> <!-- Testing.TestnG1 -->
