<?xml version="1.0" encoding="UTF-8"?>
<!-- Generated by org.testng.reporters.JUnitReportReporter -->
<testsuite skipped="0" hostname="ISILDT10148" name="Testing.TestnG" tests="7" failures="0" timestamp="05 Feb 2018 13:45:47 GMT" time="0.020" errors="0">
  <testcase name="Demo5" time="0.001" classname="Testing.TestnG"/>
  <testcase name="Demo6" time="0.002" classname="Testing.TestnG"/>
  <testcase name="Demo4" time="0.002" classname="Testing.TestnG"/>
  <testcase name="Demo" time="0.009" classname="Testing.TestnG"/>
  <testcase name="Demo7" time="0.002" classname="Testing.TestnG"/>
  <testcase name="Demo8" time="0.002" classname="Testing.TestnG"/>
  <testcase name="Demo2" time="0.002" classname="Testing.TestnG"/>
</testsuite> <!-- Testing.TestnG -->
