<?xml version="1.0" encoding="UTF-8"?>
<!-- Generated by org.testng.reporters.JUnitReportReporter -->
<testsuite skipped="0" hostname="Samsung" name="Testing.TestnG1" tests="1" failures="0" timestamp="04 Feb 2018 18:16:31 GMT" time="0.014" errors="0">
  <testcase name="display" time="0.014" classname="Testing.TestnG1"/>
</testsuite> <!-- Testing.TestnG1 -->
