<?xml version="1.0" encoding="UTF-8"?>
<!-- Generated by org.testng.reporters.JUnitReportReporter -->
<testsuite skipped="0" hostname="ISILDT10148" name="Testing.TestnG1" tests="13" failures="0" timestamp="06 Feb 2018 14:28:33 GMT" time="0.026" errors="0">
  <testcase name="Filter3" time="0.008" classname="Testing.TestnG1"/>
  <testcase name="Filter2" time="0.001" classname="Testing.TestnG1"/>
  <testcase name="otherMethod4" time="0.001" classname="Testing.TestnG1"/>
  <testcase name="display6" time="0.002" classname="Testing.TestnG1"/>
  <testcase name="otherMethod3" time="0.001" classname="Testing.TestnG1"/>
  <testcase name="display3" time="0.001" classname="Testing.TestnG1"/>
  <testcase name="Filter1" time="0.002" classname="Testing.TestnG1"/>
  <testcase name="display4" time="0.002" classname="Testing.TestnG1"/>
  <testcase name="display5" time="0.003" classname="Testing.TestnG1"/>
  <testcase name="Filter4" time="0.001" classname="Testing.TestnG1"/>
  <testcase name="display2" time="0.001" classname="Testing.TestnG1"/>
  <testcase name="otherMethod1" time="0.001" classname="Testing.TestnG1"/>
  <testcase name="otherMethod2" time="0.002" classname="Testing.TestnG1"/>
</testsuite> <!-- Testing.TestnG1 -->
