<?xml version="1.0" encoding="UTF-8"?>
<!-- Generated by org.testng.reporters.JUnitReportReporter -->
<testsuite skipped="0" hostname="Samsung" name="Testing.TestnG" tests="2" failures="0" timestamp="04 Feb 2018 18:16:31 GMT" time="0.006" errors="0">
  <testcase name="Demo" time="0.004" classname="Testing.TestnG"/>
  <testcase name="Demo1" time="0.002" classname="Testing.TestnG"/>
</testsuite> <!-- Testing.TestnG -->
